<?xml version="1.0" encoding="UTF-8"?>
<testng-results skipped="0" failed="0" ignored="0" total="2" passed="2">
  <reporter-output>
  </reporter-output>
  <suite name="Suite" duration-ms="28047" started-at="2017-12-03T10:12:05Z" finished-at="2017-12-03T10:12:34Z">
    <groups>
    </groups>
    <test name="Test" duration-ms="28047" started-at="2017-12-03T10:12:05Z" finished-at="2017-12-03T10:12:34Z">
      <class name="scripts.TestLogin">
        <test-method status="PASS" signature="openApplication()[pri:0, instance:scripts.TestLogin@31dc339b]" name="openApplication" is-config="true" duration-ms="7630" started-at="2017-12-03T15:42:06Z" finished-at="2017-12-03T15:42:13Z">
          <reporter-output>
          </reporter-output>
        </test-method> <!-- openApplication -->
        <test-method status="PASS" signature="testLogin()[pri:0, instance:scripts.TestLogin@31dc339b]" name="testLogin" duration-ms="12320" started-at="2017-12-03T15:42:13Z" finished-at="2017-12-03T15:42:25Z">
          <reporter-output>
          </reporter-output>
        </test-method> <!-- testLogin -->
        <test-method status="PASS" signature="closeApplication()[pri:0, instance:scripts.TestLogin@31dc339b]" name="closeApplication" is-config="true" duration-ms="140" started-at="2017-12-03T15:42:25Z" finished-at="2017-12-03T15:42:26Z">
          <reporter-output>
          </reporter-output>
        </test-method> <!-- closeApplication -->
      </class> <!-- scripts.TestLogin -->
      <class name="scripts.TestInvalidLogin">
        <test-method status="PASS" signature="openApplication()[pri:0, instance:scripts.TestInvalidLogin@544fe44c]" name="openApplication" is-config="true" duration-ms="5721" started-at="2017-12-03T15:42:26Z" finished-at="2017-12-03T15:42:31Z">
          <reporter-output>
          </reporter-output>
        </test-method> <!-- openApplication -->
        <test-method status="PASS" signature="testLogin()[pri:0, instance:scripts.TestInvalidLogin@544fe44c]" name="testLogin" duration-ms="2114" started-at="2017-12-03T15:42:31Z" finished-at="2017-12-03T15:42:33Z">
          <reporter-output>
          </reporter-output>
        </test-method> <!-- testLogin -->
        <test-method status="PASS" signature="closeApplication()[pri:0, instance:scripts.TestInvalidLogin@544fe44c]" name="closeApplication" is-config="true" duration-ms="87" started-at="2017-12-03T15:42:33Z" finished-at="2017-12-03T15:42:34Z">
          <reporter-output>
          </reporter-output>
        </test-method> <!-- closeApplication -->
      </class> <!-- scripts.TestInvalidLogin -->
    </test> <!-- Test -->
  </suite> <!-- Suite -->
</testng-results>
